This is pdfTeX, Version 3.14159265-2.6-1.40.15 (MiKTeX 2.9) (preloaded format=pdflatex 2015.6.17)  14 SEP 2016 16:52
entering extended mode
**kritik.tex
(kritik.tex
LaTeX2e <2014/05/01>
Babel <3.9l> and hyphenation patterns for 68 languages loaded.
! Undefined control sequence.
l.1 \chapter
            {Kritik}
? 
! Emergency stop.
l.1 \chapter
            {Kritik}
End of file on the terminal!

 
Here is how much of TeX's memory you used:
 6 strings out of 493698
 82 string characters out of 3144003
 52149 words of memory out of 3000000
 3432 multiletter control sequences out of 15000+200000
 3640 words of font info for 14 fonts, out of 3000000 for 9000
 1025 hyphenation exceptions out of 8191
 5i,0n,1p,30b,8s stack positions out of 5000i,500n,10000p,200000b,50000s
!  ==> Fatal error occurred, no output PDF file produced!
